2021-03-01 14:22:12,912   INFO  Microsoft.Hosting.Lifetime.LogMessage  Application started. Press Ctrl+C to shut down.
 2021-03-01 14:22:13,030   WARN  Microsoft.AspNetCore.Session.SessionMiddleware.LogMessage  Error unprotecting the session cookie.
 System.Security.Cryptography.CryptographicException: The key {432e8adb-e742-4f4e-9f2d-150fdc5dba41} was not found in the key ring.
   at Microsoft.AspNetCore.DataProtection.KeyManagement.KeyRingBasedDataProtector.UnprotectCore(Byte[] protectedData, Boolean allowOperationsOnRevokedKeys, UnprotectStatus& status)
   at Microsoft.AspNetCore.DataProtection.KeyManagement.KeyRingBasedDataProtector.DangerousUnprotect(Byte[] protectedData, Boolean ignoreRevocationErrors, Boolean& requiresMigration, Boolean& wasRevoked)
   at Microsoft.AspNetCore.DataProtection.KeyManagement.KeyRingBasedDataProtector.Unprotect(Byte[] protectedData)
   at Microsoft.AspNetCore.Session.CookieProtection.Unprotect(IDataProtector protector, String protectedText, ILogger logger)
2021-03-01 14:22:13,033   INFO  Microsoft.Hosting.Lifetime.LogMessage  Hosting environment: Production
 2021-03-01 14:22:13,037   INFO  Microsoft.Hosting.Lifetime.LogMessage  Content root path: C:\Antinew\Architect\ASP.NET Core3.1\Antinew.AspNetCore3.1.Demo\Antinew.AspNetCore3.1.Demo\bin\Release\netcoreapp3.1\publish
 2021-03-01 14:22:13,040   WARN  Microsoft.AspNetCore.HttpsPolicy.HttpsRedirectionMiddleware.LogMessage  Failed to determine the https port for redirect.
 2021-03-01 14:22:13,260   WARN  Microsoft.AspNetCore.Session.SessionMiddleware.LogMessage  Error unprotecting the session cookie.
 System.Security.Cryptography.CryptographicException: The key {432e8adb-e742-4f4e-9f2d-150fdc5dba41} was not found in the key ring.
   at Microsoft.AspNetCore.DataProtection.KeyManagement.KeyRingBasedDataProtector.UnprotectCore(Byte[] protectedData, Boolean allowOperationsOnRevokedKeys, UnprotectStatus& status)
   at Microsoft.AspNetCore.DataProtection.KeyManagement.KeyRingBasedDataProtector.DangerousUnprotect(Byte[] protectedData, Boolean ignoreRevocationErrors, Boolean& requiresMigration, Boolean& wasRevoked)
   at Microsoft.AspNetCore.DataProtection.KeyManagement.KeyRingBasedDataProtector.Unprotect(Byte[] protectedData)
   at Microsoft.AspNetCore.Session.CookieProtection.Unprotect(IDataProtector protector, String protectedText, ILogger logger)
2021-03-01 14:22:13,261   WARN  Microsoft.AspNetCore.Session.SessionMiddleware.LogMessage  Error unprotecting the session cookie.
 System.Security.Cryptography.CryptographicException: The key {432e8adb-e742-4f4e-9f2d-150fdc5dba41} was not found in the key ring.
   at Microsoft.AspNetCore.DataProtection.KeyManagement.KeyRingBasedDataProtector.UnprotectCore(Byte[] protectedData, Boolean allowOperationsOnRevokedKeys, UnprotectStatus& status)
   at Microsoft.AspNetCore.DataProtection.KeyManagement.KeyRingBasedDataProtector.DangerousUnprotect(Byte[] protectedData, Boolean ignoreRevocationErrors, Boolean& requiresMigration, Boolean& wasRevoked)
   at Microsoft.AspNetCore.DataProtection.KeyManagement.KeyRingBasedDataProtector.Unprotect(Byte[] protectedData)
   at Microsoft.AspNetCore.Session.CookieProtection.Unprotect(IDataProtector protector, String protectedText, ILogger logger)
2021-03-01 14:22:13,262   WARN  Microsoft.AspNetCore.Session.SessionMiddleware.LogMessage  Error unprotecting the session cookie.
 System.Security.Cryptography.CryptographicException: The key {432e8adb-e742-4f4e-9f2d-150fdc5dba41} was not found in the key ring.
   at Microsoft.AspNetCore.DataProtection.KeyManagement.KeyRingBasedDataProtector.UnprotectCore(Byte[] protectedData, Boolean allowOperationsOnRevokedKeys, UnprotectStatus& status)
   at Microsoft.AspNetCore.DataProtection.KeyManagement.KeyRingBasedDataProtector.DangerousUnprotect(Byte[] protectedData, Boolean ignoreRevocationErrors, Boolean& requiresMigration, Boolean& wasRevoked)
   at Microsoft.AspNetCore.DataProtection.KeyManagement.KeyRingBasedDataProtector.Unprotect(Byte[] protectedData)
   at Microsoft.AspNetCore.Session.CookieProtection.Unprotect(IDataProtector protector, String protectedText, ILogger logger)
2021-03-01 14:22:13,263   WARN  Microsoft.AspNetCore.Session.SessionMiddleware.LogMessage  Error unprotecting the session cookie.
 System.Security.Cryptography.CryptographicException: The key {432e8adb-e742-4f4e-9f2d-150fdc5dba41} was not found in the key ring.
   at Microsoft.AspNetCore.DataProtection.KeyManagement.KeyRingBasedDataProtector.UnprotectCore(Byte[] protectedData, Boolean allowOperationsOnRevokedKeys, UnprotectStatus& status)
   at Microsoft.AspNetCore.DataProtection.KeyManagement.KeyRingBasedDataProtector.DangerousUnprotect(Byte[] protectedData, Boolean ignoreRevocationErrors, Boolean& requiresMigration, Boolean& wasRevoked)
   at Microsoft.AspNetCore.DataProtection.KeyManagement.KeyRingBasedDataProtector.Unprotect(Byte[] protectedData)
   at Microsoft.AspNetCore.Session.CookieProtection.Unprotect(IDataProtector protector, String protectedText, ILogger logger)
2021-03-01 14:22:13,263   WARN  Microsoft.AspNetCore.Session.SessionMiddleware.LogMessage  Error unprotecting the session cookie.
 System.Security.Cryptography.CryptographicException: The key {432e8adb-e742-4f4e-9f2d-150fdc5dba41} was not found in the key ring.
   at Microsoft.AspNetCore.DataProtection.KeyManagement.KeyRingBasedDataProtector.UnprotectCore(Byte[] protectedData, Boolean allowOperationsOnRevokedKeys, UnprotectStatus& status)
   at Microsoft.AspNetCore.DataProtection.KeyManagement.KeyRingBasedDataProtector.DangerousUnprotect(Byte[] protectedData, Boolean ignoreRevocationErrors, Boolean& requiresMigration, Boolean& wasRevoked)
   at Microsoft.AspNetCore.DataProtection.KeyManagement.KeyRingBasedDataProtector.Unprotect(Byte[] protectedData)
   at Microsoft.AspNetCore.Session.CookieProtection.Unprotect(IDataProtector protector, String protectedText, ILogger logger)
2021-03-01 14:22:13,352   WARN  Microsoft.AspNetCore.Session.SessionMiddleware.LogMessage  Error unprotecting the session cookie.
 System.Security.Cryptography.CryptographicException: The key {432e8adb-e742-4f4e-9f2d-150fdc5dba41} was not found in the key ring.
   at Microsoft.AspNetCore.DataProtection.KeyManagement.KeyRingBasedDataProtector.UnprotectCore(Byte[] protectedData, Boolean allowOperationsOnRevokedKeys, UnprotectStatus& status)
   at Microsoft.AspNetCore.DataProtection.KeyManagement.KeyRingBasedDataProtector.DangerousUnprotect(Byte[] protectedData, Boolean ignoreRevocationErrors, Boolean& requiresMigration, Boolean& wasRevoked)
   at Microsoft.AspNetCore.DataProtection.KeyManagement.KeyRingBasedDataProtector.Unprotect(Byte[] protectedData)
   at Microsoft.AspNetCore.Session.CookieProtection.Unprotect(IDataProtector protector, String protectedText, ILogger logger)
2021-03-01 14:43:09,867   INFO  Microsoft.Hosting.Lifetime.LogMessage  Application is shutting down...
 